<?xml version="1.0" encoding="UTF-8"?>
<!-- Generated by org.testng.reporters.JUnitReportReporter -->
<testsuite skipped="0" hostname="gonyebuchi-IBTU" name="action_sabiroad.register_and_login" tests="1" failures="0" timestamp="2021-01-10T16:38:53 WAT" time="433.192" errors="0">
  <testcase name="login" time="433.192" classname="action_sabiroad.register_and_login"/>
  <system-out/>
</testsuite> <!-- action_sabiroad.register_and_login -->
